2026-02-19 11:20:07 INFO construct_logo -                                                                                  
2026-02-19 11:20:07 INFO construct_logo -            04  02              00                                                
2026-02-19 11:20:07 INFO construct_logo -            33  ''              ''                                         ,d     
2026-02-19 11:20:07 INFO construct_logo -            33                                                             33     
2026-02-19 11:20:07 INFO construct_logo -    ,a6385b,33  33  8b,d6538a,  33   ,a6654b,d8   ,a483fba,  8b,d0f17a,  M5bafMM  
2026-02-19 11:20:07 INFO construct_logo -   a8'    `Y33  33  33P'   'Y8  33  a8'    `Y33  a8PMM?__33  33P'   `'8a   33     
2026-02-19 11:20:07 INFO construct_logo -   8b       33  33  33          33  8b       33  8PP......'  33       33   33     
2026-02-19 11:20:07 INFO construct_logo -   '8a,   ,d33  33  33          33  '8a,   ,d33  '8b,   ,aa  33       33   33,    
2026-02-19 11:20:07 INFO construct_logo -    `'daf2P'Y8  33  33          33   `'8e47P'Y8   `'60cc8''  33       33   'Y338  
2026-02-19 11:20:07 INFO construct_logo -                                     aa,    ,33                                   
2026-02-19 11:20:07 INFO construct_logo -                                      '78d1dP'                       HEAD branch  
2026-02-19 11:20:07 INFO dirigent_cli - version 4.2.0-pre.1
2026-02-19 11:20:07 INFO dirigent_cli - ----------------------------------
2026-02-19 11:20:07 INFO dirigent_cli - Ph2 ACF: v6-24 (HEAD)
2026-02-19 11:20:07 INFO dirigent_cli - Felis: v1.1.12 (HEAD)
2026-02-19 11:20:07 INFO dirigent_cli - ICICLE: 2.2.1-1-g8e4778d (HEAD)
2026-02-19 11:20:07 INFO dirigent_cli - inner-tracker-tests: v1.0.4 (HEAD)
2026-02-19 11:20:07 INFO dirigent_cli - RestHub API: 0f175ba (HEAD)
2026-02-19 11:20:07 INFO dirigent_cli - ----------------------------------
2026-02-19 11:20:07 INFO dirigent_cli - Dirigent preparation starting...
2026-02-19 11:20:07 INFO dirigent_cli - CalibrationContext requested - now preparing components...
2026-02-19 11:20:07 INFO dirigent_cli - 'CMSIT.xml' found in folder. This will be used for the following instance.
2026-02-19 11:20:07 INFO dirigent_cli - Ensuring warnings and errors will be saved to Ph2 ACF log files...
2026-02-19 11:20:07 INFO modify_ph2_logging - Backed up /home/muon/dirigent-production/dirigent/deps/Ph2_ACF/settings/logger.conf to /home/muon/dirigent-production/dirigent/deps/Ph2_ACF/settings/logger.conf.bak
2026-02-19 11:20:07 INFO dirigent_cli - 	> InstrumentCluster requested - now constructing.
2026-02-19 11:20:07 INFO mqtt_instrument - Connected to MQTT broker: host: 192.168.50.3, port: 1883, clientID: PSIColdbox::679560::139747089262400
2026-02-19 11:20:07 INFO dirigent_cli - 	> Monitoring requested - now constructing...
2026-02-19 11:20:07 INFO dirigent_cli - 	> CalibrationSet requested - now constructing.
2026-02-19 11:20:07 INFO dirigent_cli - Assembling CalibrationContext...
2026-02-19 11:20:07 INFO dirigent_cli - CalibrationContext created and ready for init...
2026-02-19 11:20:07 INFO mqtt_instrument - Connected to MQTT broker: host: 192.168.50.3, port: 1883, clientID: PSIProbecard1::679560::139747089262400
2026-02-19 11:20:07 INFO dirigent_cli - === Dirigent preparation done - handing off to calibration ===
2026-02-19 11:20:07 INFO instrument_cluster - Loading PSI coldbox calibration
2026-02-19 11:20:08 INFO ph2acf_instance - Loading FC7 firmware
2026-02-19 11:20:14 INFO ph2acf_instance - FC7 DDR reset requested - attempting.
2026-02-19 11:20:16 INFO iv_curve - ===== iv_curve parameter values as configured: =====
2026-02-19 11:20:16 INFO iv_curve - start_voltage = 0
2026-02-19 11:20:16 INFO iv_curve - max_voltage = -350
2026-02-19 11:20:16 INFO iv_curve - step_size = 5.0
2026-02-19 11:20:16 INFO iv_curve - delay = 2.0
2026-02-19 11:20:16 INFO iv_curve - both_ways = False
2026-02-19 11:20:16 INFO iv_curve - positive = False
2026-02-19 11:20:16 INFO iv_curve - plot = True
2026-02-19 11:20:16 INFO iv_curve - temp_mon = True
2026-02-19 11:20:16 INFO iv_curve - temp_voltage = None
2026-02-19 11:20:16 INFO iv_curve - voltage_fd = 60.0
2026-02-19 11:20:16 INFO iv_curve - temp_runtime = 10
2026-02-19 11:20:16 INFO iv_curve - write_breakdowns = True
2026-02-19 11:20:16 INFO iv_curve - ====================================================
2026-02-19 11:20:22 INFO psi_coldbox - Attempting to reach 14.5 < 15.0 < 15.5 C for TEC(s) [1] (within 600s).
2026-02-19 11:20:22 INFO psi_coldbox - Dew point is -29.34 C. Setting the target temperature to 15.00 C.
2026-02-19 11:20:27 INFO psi_coldbox - Temperature(s) in range: [14.8401, '-', '-', '-', '-', '-', '-', '-'] C. Waiting 20 s to verify...
2026-02-19 11:20:47 INFO psi_coldbox - Temperature(s) in range for 20 s ([14.9347, '-', '-', '-', '-', '-', '-', '-'] C). Validation completed.
2026-02-19 11:20:50 INFO instrument - Time              	Step       	Voltage (V)	Current (A)	Meas. V (V)	Meas. I (A)
2026-02-19 11:20:52 INFO instrument - 02/19/26 11:20:52 	0          	0.00       	0.00       	0.02       	-1.35e-07  
2026-02-19 11:20:53 INFO iv_curve - Time             	Voltage (V)      	Current (A)      	Resistance       	PSU Time         
2026-02-19 11:20:56 INFO iv_curve - 02/19/26 11:20:56	0.02183829       	-1.683897e-07    
2026-02-19 11:20:59 INFO iv_curve - 02/19/26 11:20:59	-4.979882        	-3.176029e-07    
2026-02-19 11:21:03 INFO iv_curve - 02/19/26 11:21:03	-9.98311         	-3.695637e-07    
2026-02-19 11:21:06 INFO iv_curve - 02/19/26 11:21:06	-14.98615        	-4.09638e-07     
2026-02-19 11:21:09 INFO iv_curve - 02/19/26 11:21:09	-19.98862        	-4.445889e-07    
2026-02-19 11:21:12 INFO iv_curve - 02/19/26 11:21:12	-24.98613        	-4.747174e-07    
2026-02-19 11:21:16 INFO iv_curve - 02/19/26 11:21:16	-29.97438        	-5.015912e-07    
2026-02-19 11:21:19 INFO iv_curve - 02/19/26 11:21:19	-34.97665        	-5.263151e-07    
2026-02-19 11:21:22 INFO iv_curve - 02/19/26 11:21:22	-39.98078        	-5.48292e-07     
2026-02-19 11:21:25 INFO iv_curve - 02/19/26 11:21:25	-44.98219        	-5.687365e-07    
2026-02-19 11:21:28 INFO iv_curve - 02/19/26 11:21:28	-49.98365        	-5.867338e-07    
2026-02-19 11:21:32 INFO iv_curve - 02/19/26 11:21:32	-54.98795        	-6.031051e-07    
2026-02-19 11:21:35 INFO iv_curve - 02/19/26 11:21:35	-59.98888        	-6.179061e-07    
2026-02-19 11:21:38 INFO iv_curve - 02/19/26 11:21:38	-64.99356        	-6.311616e-07    
2026-02-19 11:21:41 INFO iv_curve - 02/19/26 11:21:41	-69.97919        	-6.443843e-07    
2026-02-19 11:21:44 INFO iv_curve - 02/19/26 11:21:44	-74.97972        	-6.551224e-07    
2026-02-19 11:21:48 INFO iv_curve - 02/19/26 11:21:48	-79.98608        	-6.654641e-07    
2026-02-19 11:21:51 INFO iv_curve - 02/19/26 11:21:51	-84.98834        	-6.74978e-07     
2026-02-19 11:21:54 INFO iv_curve - 02/19/26 11:21:54	-89.99145        	-6.838076e-07    
2026-02-19 11:21:57 INFO iv_curve - 02/19/26 11:21:57	-94.9923         	-6.918424e-07    
2026-02-19 11:22:01 INFO iv_curve - 02/19/26 11:22:01	-99.99291        	-6.99646e-07     
2026-02-19 11:22:04 INFO iv_curve - 02/19/26 11:22:04	-104.9977        	-7.068221e-07    
2026-02-19 11:22:07 INFO iv_curve - 02/19/26 11:22:07	-109.98          	-7.129831e-07    
2026-02-19 11:22:10 INFO iv_curve - 02/19/26 11:22:10	-114.9855        	-7.192212e-07    
2026-02-19 11:22:13 INFO iv_curve - 02/19/26 11:22:13	-119.9848        	-7.242459e-07    
2026-02-19 11:22:17 INFO iv_curve - 02/19/26 11:22:17	-124.9886        	-7.294599e-07    
2026-02-19 11:22:20 INFO iv_curve - 02/19/26 11:22:20	-129.993         	-7.341391e-07    
2026-02-19 11:22:23 INFO iv_curve - 02/19/26 11:22:23	-134.9939        	-7.388501e-07    
2026-02-19 11:22:26 INFO iv_curve - 02/19/26 11:22:26	-139.9974        	-7.425289e-07    
2026-02-19 11:22:30 INFO iv_curve - 02/19/26 11:22:30	-144.9805        	-7.467007e-07    
2026-02-19 11:22:33 INFO iv_curve - 02/19/26 11:22:33	-149.9864        	-7.505546e-07    
2026-02-19 11:22:36 INFO iv_curve - 02/19/26 11:22:36	-154.9865        	-7.541582e-07    
2026-02-19 11:22:39 INFO iv_curve - 02/19/26 11:22:39	-159.987         	-7.580033e-07    
2026-02-19 11:22:42 INFO iv_curve - 02/19/26 11:22:42	-164.9905        	-7.624766e-07    
2026-02-19 11:22:46 INFO iv_curve - 02/19/26 11:22:46	-169.9942        	-7.656348e-07    
2026-02-19 11:22:49 INFO iv_curve - 02/19/26 11:22:49	-174.995         	-7.701075e-07    
2026-02-19 11:22:52 INFO iv_curve - 02/19/26 11:22:52	-179.9989        	-7.73189e-07     
2026-02-19 11:22:55 INFO iv_curve - 02/19/26 11:22:55	-184.983         	-7.761546e-07    
2026-02-19 11:22:59 INFO iv_curve - 02/19/26 11:22:59	-189.9869        	-7.803822e-07    
2026-02-19 11:23:02 INFO iv_curve - 02/19/26 11:23:02	-194.9893        	-7.839707e-07    
2026-02-19 11:23:05 INFO iv_curve - 02/19/26 11:23:05	-199.9908        	-7.874931e-07    
2026-02-19 11:23:08 INFO iv_curve - 02/19/26 11:23:08	-204.9946        	-7.916117e-07    
2026-02-19 11:23:11 INFO iv_curve - 02/19/26 11:23:11	-209.9962        	-7.952276e-07    
2026-02-19 11:23:15 INFO iv_curve - 02/19/26 11:23:15	-215.0005        	-7.98526e-07     
2026-02-19 11:23:18 INFO iv_curve - 02/19/26 11:23:18	-220.0031        	-8.02512e-07     
2026-02-19 11:23:21 INFO iv_curve - 02/19/26 11:23:21	-224.989         	-8.056578e-07    
2026-02-19 11:23:24 INFO iv_curve - 02/19/26 11:23:24	-229.9875        	-8.099392e-07    
2026-02-19 11:23:27 INFO iv_curve - 02/19/26 11:23:27	-234.9915        	-8.135818e-07    
2026-02-19 11:23:31 INFO iv_curve - 02/19/26 11:23:31	-239.9945        	-8.168249e-07    
2026-02-19 11:23:34 INFO iv_curve - 02/19/26 11:23:34	-244.9961        	-8.203143e-07    
2026-02-19 11:23:37 INFO iv_curve - 02/19/26 11:23:37	-249.9974        	-8.265598e-07    
2026-02-19 11:23:40 INFO iv_curve - 02/19/26 11:23:40	-255.0004        	-8.279899e-07    
2026-02-19 11:23:44 INFO iv_curve - 02/19/26 11:23:44	-259.9855        	-8.322452e-07    
2026-02-19 11:23:47 INFO iv_curve - 02/19/26 11:23:47	-264.9898        	-8.371107e-07    
2026-02-19 11:23:50 INFO iv_curve - 02/19/26 11:23:50	-269.9906        	-8.407983e-07    
2026-02-19 11:23:53 INFO iv_curve - 02/19/26 11:23:53	-274.9928        	-8.44075e-07     
2026-02-19 11:23:56 INFO iv_curve - 02/19/26 11:23:56	-279.9953        	-8.479744e-07    
2026-02-19 11:24:00 INFO iv_curve - 02/19/26 11:24:00	-284.9972        	-8.518343e-07    
2026-02-19 11:24:03 INFO iv_curve - 02/19/26 11:24:03	-290.0002        	-8.563798e-07    
2026-02-19 11:24:06 INFO iv_curve - 02/19/26 11:24:06	-295.0035        	-8.604397e-07    
2026-02-19 11:24:09 INFO iv_curve - 02/19/26 11:24:09	-299.9846        	-8.649142e-07    
2026-02-19 11:24:13 INFO iv_curve - 02/19/26 11:24:13	-304.9856        	-8.686182e-07    
2026-02-19 11:24:16 INFO iv_curve - 02/19/26 11:24:16	-309.9904        	-8.716172e-07    
2026-02-19 11:24:19 INFO iv_curve - 02/19/26 11:24:19	-314.9921        	-8.752742e-07    
2026-02-19 11:24:22 INFO iv_curve - 02/19/26 11:24:22	-319.9955        	-8.801454e-07    
2026-02-19 11:24:25 INFO iv_curve - 02/19/26 11:24:25	-324.9962        	-8.841299e-07    
2026-02-19 11:24:29 INFO iv_curve - 02/19/26 11:24:29	-330.0009        	-8.886018e-07    
2026-02-19 11:24:32 INFO iv_curve - 02/19/26 11:24:32	-335.0036        	-8.934553e-07    
2026-02-19 11:24:35 INFO iv_curve - 02/19/26 11:24:35	-339.9874        	-8.960773e-07    
2026-02-19 11:24:38 INFO iv_curve - 02/19/26 11:24:38	-344.9903        	-9.007693e-07    
2026-02-19 11:24:41 INFO iv_curve - 02/19/26 11:24:41	-349.9916        	-9.044255e-07    
2026-02-19 11:24:42 INFO performable_scans - === 1/1: physics ===
2026-02-19 11:25:49 INFO calibration_context - Checking logs/CMSITminiDAQ000000_physics.log for aborts...
2026-02-19 11:25:49 INFO calibration_context - No Ph2 ACF abort detected.
2026-02-19 11:26:51 INFO iv_curve - Sweep finished.
2026-02-19 11:27:03 INFO iv_curve - --- Breakdown voltages ---
2026-02-19 11:27:03 INFO iv_curve - Module 0:	None
2026-02-19 11:27:03 INFO iv_curve - Saving data...
2026-02-19 11:27:03 INFO modify_ph2_logging - /home/muon/dirigent-production/dirigent/deps/Ph2_ACF/settings/logger.conf restored.
