2026-02-19 10:39:06 INFO construct_logo -                                                                                  
2026-02-19 10:39:06 INFO construct_logo -            04  02              00                                                
2026-02-19 10:39:06 INFO construct_logo -            33  ''              ''                                         ,d     
2026-02-19 10:39:06 INFO construct_logo -            33                                                             33     
2026-02-19 10:39:06 INFO construct_logo -    ,a6385b,33  33  8b,d6538a,  33   ,a6654b,d8   ,a483fba,  8b,d0f17a,  M5bafMM  
2026-02-19 10:39:06 INFO construct_logo -   a8'    `Y33  33  33P'   'Y8  33  a8'    `Y33  a8PMM?__33  33P'   `'8a   33     
2026-02-19 10:39:06 INFO construct_logo -   8b       33  33  33          33  8b       33  8PP......'  33       33   33     
2026-02-19 10:39:06 INFO construct_logo -   '8a,   ,d33  33  33          33  '8a,   ,d33  '8b,   ,aa  33       33   33,    
2026-02-19 10:39:06 INFO construct_logo -    `'daf2P'Y8  33  33          33   `'8e47P'Y8   `'60cc8''  33       33   'Y338  
2026-02-19 10:39:06 INFO construct_logo -                                     aa,    ,33                                   
2026-02-19 10:39:06 INFO construct_logo -                                      '78d1dP'                       HEAD branch  
2026-02-19 10:39:06 INFO dirigent_cli - version 4.2.0-pre.1
2026-02-19 10:39:06 INFO dirigent_cli - ----------------------------------
2026-02-19 10:39:06 INFO dirigent_cli - Ph2 ACF: v6-24 (HEAD)
2026-02-19 10:39:06 INFO dirigent_cli - Felis: v1.1.12 (HEAD)
2026-02-19 10:39:06 INFO dirigent_cli - ICICLE: 2.2.1-1-g8e4778d (HEAD)
2026-02-19 10:39:06 INFO dirigent_cli - inner-tracker-tests: v1.0.4 (HEAD)
2026-02-19 10:39:06 INFO dirigent_cli - RestHub API: 0f175ba (HEAD)
2026-02-19 10:39:06 INFO dirigent_cli - ----------------------------------
2026-02-19 10:39:06 INFO dirigent_cli - Dirigent preparation starting...
2026-02-19 10:39:06 INFO dirigent_cli - CalibrationContext requested - now preparing components...
2026-02-19 10:39:06 INFO dirigent_cli - 'CMSIT.xml' not found. Getting new default files...
2026-02-19 10:39:06 INFO dirigent_cli - Ensuring warnings and errors will be saved to Ph2 ACF log files...
2026-02-19 10:39:06 INFO modify_ph2_logging - Backed up /home/muon/dirigent-production/dirigent/deps/Ph2_ACF/settings/logger.conf to /home/muon/dirigent-production/dirigent/deps/Ph2_ACF/settings/logger.conf.bak
2026-02-19 10:39:06 INFO dirigent_cli - 	> InstrumentCluster requested - now constructing.
2026-02-19 10:39:06 INFO mqtt_instrument - Connected to MQTT broker: host: 192.168.50.3, port: 1883, clientID: PSIColdbox::667165::140172924520256
2026-02-19 10:39:06 INFO dirigent_cli - 	> Monitoring requested - now constructing...
2026-02-19 10:39:06 INFO dirigent_cli - 	> CalibrationSet requested - now constructing.
2026-02-19 10:39:06 INFO dirigent_cli - Assembling CalibrationContext...
2026-02-19 10:39:06 INFO dirigent_cli - CalibrationContext created and ready for init...
2026-02-19 10:39:06 INFO mqtt_instrument - Connected to MQTT broker: host: 192.168.50.3, port: 1883, clientID: PSIProbecard1::667165::140172924520256
2026-02-19 10:39:06 INFO dirigent_cli - === Dirigent preparation done - handing off to calibration ===
2026-02-19 10:39:06 INFO instrument_cluster - Loading PSI coldbox calibration
2026-02-19 10:39:08 INFO ph2acf_instance - Loading FC7 firmware
2026-02-19 10:39:13 INFO ph2acf_instance - FC7 DDR reset requested - attempting.
2026-02-19 10:39:16 INFO sldo_vi_curves - ===== sldo_vi_curves parameter values as configured: =====
2026-02-19 10:39:16 INFO sldo_vi_curves - final_current = 6.0
2026-02-19 10:39:16 INFO sldo_vi_curves - initial_current = 0.0
2026-02-19 10:39:16 INFO sldo_vi_curves - delay = 1.0
2026-02-19 10:39:16 INFO sldo_vi_curves - current_step = 0.2
2026-02-19 10:39:16 INFO sldo_vi_curves - expected = True
2026-02-19 10:39:16 INFO sldo_vi_curves - active = False
2026-02-19 10:39:16 INFO sldo_vi_curves - start_monitoring_current = 5.0
2026-02-19 10:39:16 INFO sldo_vi_curves - hdi_version = 3
2026-02-19 10:39:16 INFO sldo_vi_curves - ==========================================================
2026-02-19 10:39:21 INFO psi_coldbox - Attempting to reach 14.5 < 15.0 < 15.5 C for TEC(s) [1] (within 600s).
2026-02-19 10:39:21 INFO psi_coldbox - Dew point is -7.52 C. Setting the target temperature to 15.00 C.
2026-02-19 10:39:26 INFO psi_coldbox - Temperature(s) in range: [14.7455, '-', '-', '-', '-', '-', '-', '-'] C. Waiting 20 s to verify...
2026-02-19 10:39:47 INFO psi_coldbox - Temperature(s) in range for 20 s ([14.9032, '-', '-', '-', '-', '-', '-', '-'] C). Validation completed.
2026-02-19 10:39:50 INFO sldo_vi_curves - == Setting Current to 0.0A
2026-02-19 10:39:50 INFO sldo_vi_curves - Values Module 0
2026-02-19 10:39:51 INFO sldo_vi_curves - VIN           0.3554
2026-02-19 10:39:51 INFO sldo_vi_curves - VOFS          0.2155
2026-02-19 10:39:51 INFO sldo_vi_curves - VDDD_ROC0     0.0004
2026-02-19 10:39:51 INFO sldo_vi_curves - VDDA_ROC0     0.0002
2026-02-19 10:39:51 INFO sldo_vi_curves - VDDD_ROC1    -0.0001
2026-02-19 10:39:51 INFO sldo_vi_curves - VDDA_ROC1     0.0003
2026-02-19 10:39:51 INFO sldo_vi_curves - VDDD_ROC2     0.0000
2026-02-19 10:39:51 INFO sldo_vi_curves - VDDA_ROC2     0.0002
2026-02-19 10:39:51 INFO sldo_vi_curves - VDDD_ROC3     0.0001
2026-02-19 10:39:51 INFO sldo_vi_curves - VDDA_ROC3    -0.0001
2026-02-19 10:39:53 INFO sldo_vi_curves - == Setting Current to 0.2A
2026-02-19 10:39:53 INFO sldo_vi_curves - Values Module 0
2026-02-19 10:39:54 INFO sldo_vi_curves - VIN           0.6641
2026-02-19 10:39:54 INFO sldo_vi_curves - VOFS          0.6396
2026-02-19 10:39:54 INFO sldo_vi_curves - VDDD_ROC0     0.5698
2026-02-19 10:39:54 INFO sldo_vi_curves - VDDA_ROC0     0.5389
2026-02-19 10:39:54 INFO sldo_vi_curves - VDDD_ROC1     0.5894
2026-02-19 10:39:54 INFO sldo_vi_curves - VDDA_ROC1     0.5244
2026-02-19 10:39:54 INFO sldo_vi_curves - VDDD_ROC2     0.5477
2026-02-19 10:39:54 INFO sldo_vi_curves - VDDA_ROC2     0.5179
2026-02-19 10:39:54 INFO sldo_vi_curves - VDDD_ROC3     0.5512
2026-02-19 10:39:54 INFO sldo_vi_curves - VDDA_ROC3     0.5374
2026-02-19 10:39:56 INFO sldo_vi_curves - == Setting Current to 0.4A
2026-02-19 10:39:56 INFO sldo_vi_curves - Values Module 0
2026-02-19 10:39:57 INFO sldo_vi_curves - VIN           0.6961
2026-02-19 10:39:57 INFO sldo_vi_curves - VOFS          0.6703
2026-02-19 10:39:57 INFO sldo_vi_curves - VDDD_ROC0     0.6798
2026-02-19 10:39:57 INFO sldo_vi_curves - VDDA_ROC0     0.5989
2026-02-19 10:39:57 INFO sldo_vi_curves - VDDD_ROC1     0.6865
2026-02-19 10:39:57 INFO sldo_vi_curves - VDDA_ROC1     0.5917
2026-02-19 10:39:57 INFO sldo_vi_curves - VDDD_ROC2     0.6715
2026-02-19 10:39:57 INFO sldo_vi_curves - VDDA_ROC2     0.5866
2026-02-19 10:39:57 INFO sldo_vi_curves - VDDD_ROC3     0.6739
2026-02-19 10:39:57 INFO sldo_vi_curves - VDDA_ROC3     0.5981
2026-02-19 10:39:59 INFO sldo_vi_curves - == Setting Current to 0.6A
2026-02-19 10:39:59 INFO sldo_vi_curves - Values Module 0
2026-02-19 10:39:59 INFO sldo_vi_curves - VIN           0.7150
2026-02-19 10:39:59 INFO sldo_vi_curves - VOFS          0.6888
2026-02-19 10:39:59 INFO sldo_vi_curves - VDDD_ROC0     0.7060
2026-02-19 10:39:59 INFO sldo_vi_curves - VDDA_ROC0     0.6218
2026-02-19 10:39:59 INFO sldo_vi_curves - VDDD_ROC1     0.7087
2026-02-19 10:39:59 INFO sldo_vi_curves - VDDA_ROC1     0.6181
2026-02-19 10:39:59 INFO sldo_vi_curves - VDDD_ROC2     0.7007
2026-02-19 10:39:59 INFO sldo_vi_curves - VDDA_ROC2     0.6136
2026-02-19 10:39:59 INFO sldo_vi_curves - VDDD_ROC3     0.7093
2026-02-19 10:39:59 INFO sldo_vi_curves - VDDA_ROC3     0.6217
2026-02-19 10:40:01 INFO sldo_vi_curves - == Setting Current to 0.8A
2026-02-19 10:40:01 INFO sldo_vi_curves - Values Module 0
2026-02-19 10:40:02 INFO sldo_vi_curves - VIN           0.7346
2026-02-19 10:40:02 INFO sldo_vi_curves - VOFS          0.7068
2026-02-19 10:40:02 INFO sldo_vi_curves - VDDD_ROC0     0.7259
2026-02-19 10:40:02 INFO sldo_vi_curves - VDDA_ROC0     0.6449
2026-02-19 10:40:02 INFO sldo_vi_curves - VDDD_ROC1     0.7291
2026-02-19 10:40:02 INFO sldo_vi_curves - VDDA_ROC1     0.6419
2026-02-19 10:40:02 INFO sldo_vi_curves - VDDD_ROC2     0.7214
2026-02-19 10:40:02 INFO sldo_vi_curves - VDDA_ROC2     0.6383
2026-02-19 10:40:02 INFO sldo_vi_curves - VDDD_ROC3     0.7304
2026-02-19 10:40:02 INFO sldo_vi_curves - VDDA_ROC3     0.6438
2026-02-19 10:40:04 INFO sldo_vi_curves - == Setting Current to 1.0A
2026-02-19 10:40:04 INFO sldo_vi_curves - Values Module 0
2026-02-19 10:40:05 INFO sldo_vi_curves - VIN           0.7553
2026-02-19 10:40:05 INFO sldo_vi_curves - VOFS          0.7268
2026-02-19 10:40:05 INFO sldo_vi_curves - VDDD_ROC0     0.7471
2026-02-19 10:40:05 INFO sldo_vi_curves - VDDA_ROC0     0.6709
2026-02-19 10:40:05 INFO sldo_vi_curves - VDDD_ROC1     0.7511
2026-02-19 10:40:05 INFO sldo_vi_curves - VDDA_ROC1     0.6690
2026-02-19 10:40:05 INFO sldo_vi_curves - VDDD_ROC2     0.7504
2026-02-19 10:40:05 INFO sldo_vi_curves - VDDA_ROC2     0.6669
2026-02-19 10:40:05 INFO sldo_vi_curves - VDDD_ROC3     0.7525
2026-02-19 10:40:05 INFO sldo_vi_curves - VDDA_ROC3     0.6693
2026-02-19 10:40:07 INFO sldo_vi_curves - == Setting Current to 1.2A
2026-02-19 10:40:07 INFO sldo_vi_curves - Values Module 0
2026-02-19 10:40:08 INFO sldo_vi_curves - VIN           0.7670
2026-02-19 10:40:08 INFO sldo_vi_curves - VOFS          0.7375
2026-02-19 10:40:08 INFO sldo_vi_curves - VDDD_ROC0     0.7598
2026-02-19 10:40:08 INFO sldo_vi_curves - VDDA_ROC0     0.6859
2026-02-19 10:40:08 INFO sldo_vi_curves - VDDD_ROC1     0.7636
2026-02-19 10:40:08 INFO sldo_vi_curves - VDDA_ROC1     0.6841
2026-02-19 10:40:08 INFO sldo_vi_curves - VDDD_ROC2     0.7621
2026-02-19 10:40:08 INFO sldo_vi_curves - VDDA_ROC2     0.6819
2026-02-19 10:40:08 INFO sldo_vi_curves - VDDD_ROC3     0.7404
2026-02-19 10:40:08 INFO sldo_vi_curves - VDDA_ROC3     0.6823
2026-02-19 10:40:10 INFO sldo_vi_curves - == Setting Current to 1.4A
2026-02-19 10:40:10 INFO sldo_vi_curves - Values Module 0
2026-02-19 10:40:11 INFO sldo_vi_curves - VIN           0.7704
2026-02-19 10:40:11 INFO sldo_vi_curves - VOFS          0.7411
2026-02-19 10:40:11 INFO sldo_vi_curves - VDDD_ROC0     0.7457
2026-02-19 10:40:11 INFO sldo_vi_curves - VDDA_ROC0     0.6886
2026-02-19 10:40:11 INFO sldo_vi_curves - VDDD_ROC1     0.7424
2026-02-19 10:40:11 INFO sldo_vi_curves - VDDA_ROC1     0.6869
2026-02-19 10:40:11 INFO sldo_vi_curves - VDDD_ROC2     0.7593
2026-02-19 10:40:11 INFO sldo_vi_curves - VDDA_ROC2     0.6860
2026-02-19 10:40:11 INFO sldo_vi_curves - VDDD_ROC3     0.7453
2026-02-19 10:40:11 INFO sldo_vi_curves - VDDA_ROC3     0.6861
2026-02-19 10:40:13 INFO sldo_vi_curves - == Setting Current to 1.6A
2026-02-19 10:40:13 INFO sldo_vi_curves - Values Module 0
2026-02-19 10:40:13 INFO sldo_vi_curves - VIN           0.7804
2026-02-19 10:40:13 INFO sldo_vi_curves - VOFS          0.7506
2026-02-19 10:40:13 INFO sldo_vi_curves - VDDD_ROC0     0.7589
2026-02-19 10:40:13 INFO sldo_vi_curves - VDDA_ROC0     0.7024
2026-02-19 10:40:13 INFO sldo_vi_curves - VDDD_ROC1     0.7544
2026-02-19 10:40:13 INFO sldo_vi_curves - VDDA_ROC1     0.7007
2026-02-19 10:40:13 INFO sldo_vi_curves - VDDD_ROC2     0.7484
2026-02-19 10:40:13 INFO sldo_vi_curves - VDDA_ROC2     0.6999
2026-02-19 10:40:13 INFO sldo_vi_curves - VDDD_ROC3     0.7573
2026-02-19 10:40:13 INFO sldo_vi_curves - VDDA_ROC3     0.6996
2026-02-19 10:40:15 INFO sldo_vi_curves - == Setting Current to 1.8A
2026-02-19 10:40:15 INFO sldo_vi_curves - Values Module 0
2026-02-19 10:40:16 INFO sldo_vi_curves - VIN           0.8062
2026-02-19 10:40:16 INFO sldo_vi_curves - VOFS          0.7758
2026-02-19 10:40:16 INFO sldo_vi_curves - VDDD_ROC0     0.7872
2026-02-19 10:40:16 INFO sldo_vi_curves - VDDA_ROC0     0.7337
2026-02-19 10:40:16 INFO sldo_vi_curves - VDDD_ROC1     0.7831
2026-02-19 10:40:16 INFO sldo_vi_curves - VDDA_ROC1     0.7328
2026-02-19 10:40:16 INFO sldo_vi_curves - VDDD_ROC2     0.7882
2026-02-19 10:40:16 INFO sldo_vi_curves - VDDA_ROC2     0.7370
2026-02-19 10:40:16 INFO sldo_vi_curves - VDDD_ROC3     0.7859
2026-02-19 10:40:16 INFO sldo_vi_curves - VDDA_ROC3     0.7318
2026-02-19 10:40:18 INFO sldo_vi_curves - == Setting Current to 2.0A
2026-02-19 10:40:18 INFO sldo_vi_curves - Values Module 0
2026-02-19 10:40:19 INFO sldo_vi_curves - VIN           0.8354
2026-02-19 10:40:19 INFO sldo_vi_curves - VOFS          0.8037
2026-02-19 10:40:19 INFO sldo_vi_curves - VDDD_ROC0     0.8201
2026-02-19 10:40:19 INFO sldo_vi_curves - VDDA_ROC0     0.7704
2026-02-19 10:40:19 INFO sldo_vi_curves - VDDD_ROC1     0.8156
2026-02-19 10:40:19 INFO sldo_vi_curves - VDDA_ROC1     0.7704
2026-02-19 10:40:19 INFO sldo_vi_curves - VDDD_ROC2     0.8156
2026-02-19 10:40:19 INFO sldo_vi_curves - VDDA_ROC2     0.7749
2026-02-19 10:40:19 INFO sldo_vi_curves - VDDD_ROC3     0.8194
2026-02-19 10:40:19 INFO sldo_vi_curves - VDDA_ROC3     0.7693
2026-02-19 10:40:21 INFO sldo_vi_curves - == Setting Current to 2.2A
2026-02-19 10:40:21 INFO sldo_vi_curves - Values Module 0
2026-02-19 10:40:22 INFO sldo_vi_curves - VIN           0.8721
2026-02-19 10:40:22 INFO sldo_vi_curves - VOFS          0.8379
2026-02-19 10:40:22 INFO sldo_vi_curves - VDDD_ROC0     0.8588
2026-02-19 10:40:22 INFO sldo_vi_curves - VDDA_ROC0     0.8136
2026-02-19 10:40:22 INFO sldo_vi_curves - VDDD_ROC1     0.8543
2026-02-19 10:40:22 INFO sldo_vi_curves - VDDA_ROC1     0.8143
2026-02-19 10:40:22 INFO sldo_vi_curves - VDDD_ROC2     0.8537
2026-02-19 10:40:22 INFO sldo_vi_curves - VDDA_ROC2     0.8185
2026-02-19 10:40:22 INFO sldo_vi_curves - VDDD_ROC3     0.8579
2026-02-19 10:40:22 INFO sldo_vi_curves - VDDA_ROC3     0.8125
2026-02-19 10:40:24 INFO sldo_vi_curves - == Setting Current to 2.4A
2026-02-19 10:40:24 INFO sldo_vi_curves - Values Module 0
2026-02-19 10:40:24 INFO sldo_vi_curves - VIN           0.9182
2026-02-19 10:40:24 INFO sldo_vi_curves - VOFS          0.8810
2026-02-19 10:40:24 INFO sldo_vi_curves - VDDD_ROC0     0.9075
2026-02-19 10:40:24 INFO sldo_vi_curves - VDDA_ROC0     0.8677
2026-02-19 10:40:24 INFO sldo_vi_curves - VDDD_ROC1     0.9033
2026-02-19 10:40:24 INFO sldo_vi_curves - VDDA_ROC1     0.8673
2026-02-19 10:40:24 INFO sldo_vi_curves - VDDD_ROC2     0.9022
2026-02-19 10:40:24 INFO sldo_vi_curves - VDDA_ROC2     0.8722
2026-02-19 10:40:24 INFO sldo_vi_curves - VDDD_ROC3     0.9063
2026-02-19 10:40:24 INFO sldo_vi_curves - VDDA_ROC3     0.8665
2026-02-19 10:40:27 INFO sldo_vi_curves - == Setting Current to 2.6A
2026-02-19 10:40:27 INFO sldo_vi_curves - Values Module 0
2026-02-19 10:40:27 INFO sldo_vi_curves - VIN           0.9804
2026-02-19 10:40:27 INFO sldo_vi_curves - VOFS          0.9344
2026-02-19 10:40:27 INFO sldo_vi_curves - VDDD_ROC0     0.9699
2026-02-19 10:40:27 INFO sldo_vi_curves - VDDA_ROC0     0.9355
2026-02-19 10:40:27 INFO sldo_vi_curves - VDDD_ROC1     0.9663
2026-02-19 10:40:27 INFO sldo_vi_curves - VDDA_ROC1     0.9351
2026-02-19 10:40:27 INFO sldo_vi_curves - VDDD_ROC2     0.9715
2026-02-19 10:40:27 INFO sldo_vi_curves - VDDA_ROC2     0.9390
2026-02-19 10:40:27 INFO sldo_vi_curves - VDDD_ROC3     0.9691
2026-02-19 10:40:27 INFO sldo_vi_curves - VDDA_ROC3     0.9354
2026-02-19 10:40:29 INFO sldo_vi_curves - == Setting Current to 2.8A
2026-02-19 10:40:29 INFO sldo_vi_curves - Values Module 0
2026-02-19 10:40:30 INFO sldo_vi_curves - VIN           1.0321
2026-02-19 10:40:30 INFO sldo_vi_curves - VOFS          0.9741
2026-02-19 10:40:30 INFO sldo_vi_curves - VDDD_ROC0     1.0220
2026-02-19 10:40:30 INFO sldo_vi_curves - VDDA_ROC0     0.9920
2026-02-19 10:40:30 INFO sldo_vi_curves - VDDD_ROC1     1.0184
2026-02-19 10:40:30 INFO sldo_vi_curves - VDDA_ROC1     0.9896
2026-02-19 10:40:30 INFO sldo_vi_curves - VDDD_ROC2     1.0231
2026-02-19 10:40:30 INFO sldo_vi_curves - VDDA_ROC2     0.9936
2026-02-19 10:40:30 INFO sldo_vi_curves - VDDD_ROC3     1.0211
2026-02-19 10:40:30 INFO sldo_vi_curves - VDDA_ROC3     0.9908
2026-02-19 10:40:32 INFO sldo_vi_curves - == Setting Current to 3.0A
2026-02-19 10:40:32 INFO sldo_vi_curves - Values Module 0
2026-02-19 10:40:33 INFO sldo_vi_curves - VIN           1.0847
2026-02-19 10:40:33 INFO sldo_vi_curves - VOFS          0.9872
2026-02-19 10:40:33 INFO sldo_vi_curves - VDDD_ROC0     1.0742
2026-02-19 10:40:33 INFO sldo_vi_curves - VDDA_ROC0     1.0461
2026-02-19 10:40:33 INFO sldo_vi_curves - VDDD_ROC1     1.0688
2026-02-19 10:40:33 INFO sldo_vi_curves - VDDA_ROC1     1.0417
2026-02-19 10:40:33 INFO sldo_vi_curves - VDDD_ROC2     1.0728
2026-02-19 10:40:33 INFO sldo_vi_curves - VDDA_ROC2     1.0458
2026-02-19 10:40:33 INFO sldo_vi_curves - VDDD_ROC3     1.0713
2026-02-19 10:40:33 INFO sldo_vi_curves - VDDA_ROC3     1.0459
2026-02-19 10:40:35 INFO sldo_vi_curves - == Setting Current to 3.2A
2026-02-19 10:40:35 INFO sldo_vi_curves - Values Module 0
2026-02-19 10:40:36 INFO sldo_vi_curves - VIN           1.1353
2026-02-19 10:40:36 INFO sldo_vi_curves - VOFS          0.5570
2026-02-19 10:40:36 INFO sldo_vi_curves - VDDD_ROC0     1.1230
2026-02-19 10:40:36 INFO sldo_vi_curves - VDDA_ROC0     1.0981
2026-02-19 10:40:36 INFO sldo_vi_curves - VDDD_ROC1     1.1176
2026-02-19 10:40:36 INFO sldo_vi_curves - VDDA_ROC1     1.0885
2026-02-19 10:40:36 INFO sldo_vi_curves - VDDD_ROC2     1.1056
2026-02-19 10:40:36 INFO sldo_vi_curves - VDDA_ROC2     1.0862
2026-02-19 10:40:36 INFO sldo_vi_curves - VDDD_ROC3     1.1160
2026-02-19 10:40:36 INFO sldo_vi_curves - VDDA_ROC3     1.0964
2026-02-19 10:40:38 INFO sldo_vi_curves - == Setting Current to 3.4A
2026-02-19 10:40:38 INFO sldo_vi_curves - Values Module 0
2026-02-19 10:40:38 INFO sldo_vi_curves - VIN           1.1252
2026-02-19 10:40:38 INFO sldo_vi_curves - VOFS          0.6404
2026-02-19 10:40:38 INFO sldo_vi_curves - VDDD_ROC0     1.1053
2026-02-19 10:40:38 INFO sldo_vi_curves - VDDA_ROC0     1.0879
2026-02-19 10:40:38 INFO sldo_vi_curves - VDDD_ROC1     1.1087
2026-02-19 10:40:38 INFO sldo_vi_curves - VDDA_ROC1     1.0808
2026-02-19 10:40:38 INFO sldo_vi_curves - VDDD_ROC2     1.1016
2026-02-19 10:40:38 INFO sldo_vi_curves - VDDA_ROC2     1.0781
2026-02-19 10:40:38 INFO sldo_vi_curves - VDDD_ROC3     1.1014
2026-02-19 10:40:38 INFO sldo_vi_curves - VDDA_ROC3     1.0866
2026-02-19 10:40:40 INFO sldo_vi_curves - == Setting Current to 3.6A
2026-02-19 10:40:40 INFO sldo_vi_curves - Values Module 0
2026-02-19 10:40:41 INFO sldo_vi_curves - VIN           1.1631
2026-02-19 10:40:41 INFO sldo_vi_curves - VOFS          0.5190
2026-02-19 10:40:41 INFO sldo_vi_curves - VDDD_ROC0     1.1404
2026-02-19 10:40:41 INFO sldo_vi_curves - VDDA_ROC0     1.1253
2026-02-19 10:40:41 INFO sldo_vi_curves - VDDD_ROC1     1.1405
2026-02-19 10:40:41 INFO sldo_vi_curves - VDDA_ROC1     1.1090
2026-02-19 10:40:41 INFO sldo_vi_curves - VDDD_ROC2     1.1132
2026-02-19 10:40:41 INFO sldo_vi_curves - VDDA_ROC2     1.1033
2026-02-19 10:40:41 INFO sldo_vi_curves - VDDD_ROC3     1.1262
2026-02-19 10:40:41 INFO sldo_vi_curves - VDDA_ROC3     1.1239
2026-02-19 10:40:43 INFO sldo_vi_curves - == Setting Current to 3.8A
2026-02-19 10:40:43 INFO sldo_vi_curves - Values Module 0
2026-02-19 10:40:44 INFO sldo_vi_curves - VIN           1.1941
2026-02-19 10:40:44 INFO sldo_vi_curves - VOFS          0.5171
2026-02-19 10:40:44 INFO sldo_vi_curves - VDDD_ROC0     1.1685
2026-02-19 10:40:44 INFO sldo_vi_curves - VDDA_ROC0     1.1581
2026-02-19 10:40:44 INFO sldo_vi_curves - VDDD_ROC1     1.1645
2026-02-19 10:40:44 INFO sldo_vi_curves - VDDA_ROC1     1.1197
2026-02-19 10:40:44 INFO sldo_vi_curves - VDDD_ROC2     1.1130
2026-02-19 10:40:44 INFO sldo_vi_curves - VDDA_ROC2     1.1131
2026-02-19 10:40:44 INFO sldo_vi_curves - VDDD_ROC3     1.1328
2026-02-19 10:40:44 INFO sldo_vi_curves - VDDA_ROC3     1.1556
2026-02-19 10:40:46 INFO sldo_vi_curves - == Setting Current to 4.0A
2026-02-19 10:40:46 INFO sldo_vi_curves - Values Module 0
2026-02-19 10:40:47 INFO sldo_vi_curves - VIN           1.2534
2026-02-19 10:40:47 INFO sldo_vi_curves - VOFS          0.5171
2026-02-19 10:40:47 INFO sldo_vi_curves - VDDD_ROC0     1.1898
2026-02-19 10:40:47 INFO sldo_vi_curves - VDDA_ROC0     1.2122
2026-02-19 10:40:47 INFO sldo_vi_curves - VDDD_ROC1     1.1771
2026-02-19 10:40:47 INFO sldo_vi_curves - VDDA_ROC1     1.1262
2026-02-19 10:40:47 INFO sldo_vi_curves - VDDD_ROC2     1.1151
2026-02-19 10:40:47 INFO sldo_vi_curves - VDDA_ROC2     1.1163
2026-02-19 10:40:47 INFO sldo_vi_curves - VDDD_ROC3     1.1337
2026-02-19 10:40:47 INFO sldo_vi_curves - VDDA_ROC3     1.1977
2026-02-19 10:40:49 INFO sldo_vi_curves - == Setting Current to 4.2A
2026-02-19 10:40:49 INFO sldo_vi_curves - Values Module 0
2026-02-19 10:40:49 INFO sldo_vi_curves - VIN           1.3044
2026-02-19 10:40:49 INFO sldo_vi_curves - VOFS          0.5170
2026-02-19 10:40:49 INFO sldo_vi_curves - VDDD_ROC0     1.1904
2026-02-19 10:40:49 INFO sldo_vi_curves - VDDA_ROC0     1.2302
2026-02-19 10:40:49 INFO sldo_vi_curves - VDDD_ROC1     1.1787
2026-02-19 10:40:49 INFO sldo_vi_curves - VDDA_ROC1     1.1267
2026-02-19 10:40:49 INFO sldo_vi_curves - VDDD_ROC2     1.1218
2026-02-19 10:40:49 INFO sldo_vi_curves - VDDA_ROC2     1.1169
2026-02-19 10:40:49 INFO sldo_vi_curves - VDDD_ROC3     1.1354
2026-02-19 10:40:49 INFO sldo_vi_curves - VDDA_ROC3     1.2026
2026-02-19 10:40:52 INFO sldo_vi_curves - == Setting Current to 4.4A
2026-02-19 10:40:52 INFO sldo_vi_curves - Values Module 0
2026-02-19 10:40:52 INFO sldo_vi_curves - VIN           1.3464
2026-02-19 10:40:52 INFO sldo_vi_curves - VOFS          0.5171
2026-02-19 10:40:52 INFO sldo_vi_curves - VDDD_ROC0     1.1932
2026-02-19 10:40:52 INFO sldo_vi_curves - VDDA_ROC0     1.2311
2026-02-19 10:40:52 INFO sldo_vi_curves - VDDD_ROC1     1.1792
2026-02-19 10:40:52 INFO sldo_vi_curves - VDDA_ROC1     1.1271
2026-02-19 10:40:52 INFO sldo_vi_curves - VDDD_ROC2     1.1226
2026-02-19 10:40:52 INFO sldo_vi_curves - VDDA_ROC2     1.1162
2026-02-19 10:40:52 INFO sldo_vi_curves - VDDD_ROC3     1.1371
2026-02-19 10:40:52 INFO sldo_vi_curves - VDDA_ROC3     1.2026
2026-02-19 10:40:54 INFO sldo_vi_curves - == Setting Current to 4.6A
2026-02-19 10:40:54 INFO sldo_vi_curves - Values Module 0
2026-02-19 10:40:55 INFO sldo_vi_curves - VIN           1.3708
2026-02-19 10:40:55 INFO sldo_vi_curves - VOFS          0.5172
2026-02-19 10:40:55 INFO sldo_vi_curves - VDDD_ROC0     1.1928
2026-02-19 10:40:55 INFO sldo_vi_curves - VDDA_ROC0     1.2317
2026-02-19 10:40:55 INFO sldo_vi_curves - VDDD_ROC1     1.1783
2026-02-19 10:40:55 INFO sldo_vi_curves - VDDA_ROC1     1.1263
2026-02-19 10:40:55 INFO sldo_vi_curves - VDDD_ROC2     1.1246
2026-02-19 10:40:55 INFO sldo_vi_curves - VDDA_ROC2     1.1171
2026-02-19 10:40:55 INFO sldo_vi_curves - VDDD_ROC3     1.1358
2026-02-19 10:40:55 INFO sldo_vi_curves - VDDA_ROC3     1.2028
2026-02-19 10:40:57 INFO sldo_vi_curves - == Setting Current to 4.8A
2026-02-19 10:40:57 INFO sldo_vi_curves - Values Module 0
2026-02-19 10:40:58 INFO sldo_vi_curves - VIN           1.3927
2026-02-19 10:40:58 INFO sldo_vi_curves - VOFS          0.5193
2026-02-19 10:40:58 INFO sldo_vi_curves - VDDD_ROC0     1.1941
2026-02-19 10:40:58 INFO sldo_vi_curves - VDDA_ROC0     1.2332
2026-02-19 10:40:58 INFO sldo_vi_curves - VDDD_ROC1     1.1804
2026-02-19 10:40:58 INFO sldo_vi_curves - VDDA_ROC1     1.1282
2026-02-19 10:40:58 INFO sldo_vi_curves - VDDD_ROC2     1.1306
2026-02-19 10:40:58 INFO sldo_vi_curves - VDDA_ROC2     1.1234
2026-02-19 10:40:58 INFO sldo_vi_curves - VDDD_ROC3     1.1378
2026-02-19 10:40:58 INFO sldo_vi_curves - VDDA_ROC3     1.2021
2026-02-19 10:41:00 INFO sldo_vi_curves - == Setting Current to 5.0A
2026-02-19 10:41:00 INFO sldo_vi_curves - Values Module 0
2026-02-19 10:41:01 INFO sldo_vi_curves - VIN           1.4136
2026-02-19 10:41:01 INFO sldo_vi_curves - VOFS          0.5189
2026-02-19 10:41:01 INFO sldo_vi_curves - VDDD_ROC0     1.1943
2026-02-19 10:41:01 INFO sldo_vi_curves - VDDA_ROC0     1.2334
2026-02-19 10:41:01 INFO sldo_vi_curves - VDDD_ROC1     1.1798
2026-02-19 10:41:01 INFO sldo_vi_curves - VDDA_ROC1     1.1273
2026-02-19 10:41:01 INFO sldo_vi_curves - VDDD_ROC2     1.1249
2026-02-19 10:41:01 INFO sldo_vi_curves - VDDA_ROC2     1.1248
2026-02-19 10:41:01 INFO sldo_vi_curves - VDDD_ROC3     1.1372
2026-02-19 10:41:01 INFO sldo_vi_curves - VDDA_ROC3     1.2031
2026-02-19 10:41:03 INFO sldo_vi_curves - == Setting Current to 5.2A
2026-02-19 10:41:03 INFO sldo_vi_curves - Values Module 0
2026-02-19 10:41:03 INFO sldo_vi_curves - VIN           1.4327
2026-02-19 10:41:03 INFO sldo_vi_curves - VOFS          0.5194
2026-02-19 10:41:03 INFO sldo_vi_curves - VDDD_ROC0     1.1958
2026-02-19 10:41:03 INFO sldo_vi_curves - VDDA_ROC0     1.2339
2026-02-19 10:41:03 INFO sldo_vi_curves - VDDD_ROC1     1.1800
2026-02-19 10:41:03 INFO sldo_vi_curves - VDDA_ROC1     1.1283
2026-02-19 10:41:03 INFO sldo_vi_curves - VDDD_ROC2     1.1240
2026-02-19 10:41:03 INFO sldo_vi_curves - VDDA_ROC2     1.1240
2026-02-19 10:41:03 INFO sldo_vi_curves - VDDD_ROC3     1.1389
2026-02-19 10:41:03 INFO sldo_vi_curves - VDDA_ROC3     1.2033
2026-02-19 10:41:06 INFO sldo_vi_curves - == Setting Current to 5.4A
2026-02-19 10:41:06 INFO sldo_vi_curves - Values Module 0
2026-02-19 10:41:06 INFO sldo_vi_curves - VIN           1.4505
2026-02-19 10:41:06 INFO sldo_vi_curves - VOFS          0.5197
2026-02-19 10:41:06 INFO sldo_vi_curves - VDDD_ROC0     1.1951
2026-02-19 10:41:06 INFO sldo_vi_curves - VDDA_ROC0     1.2347
2026-02-19 10:41:06 INFO sldo_vi_curves - VDDD_ROC1     1.1799
2026-02-19 10:41:06 INFO sldo_vi_curves - VDDA_ROC1     1.1278
2026-02-19 10:41:06 INFO sldo_vi_curves - VDDD_ROC2     1.1270
2026-02-19 10:41:06 INFO sldo_vi_curves - VDDA_ROC2     1.1251
2026-02-19 10:41:06 INFO sldo_vi_curves - VDDD_ROC3     1.1393
2026-02-19 10:41:06 INFO sldo_vi_curves - VDDA_ROC3     1.2043
2026-02-19 10:41:08 INFO sldo_vi_curves - == Setting Current to 5.6A
2026-02-19 10:41:08 INFO sldo_vi_curves - Values Module 0
2026-02-19 10:41:09 INFO sldo_vi_curves - VIN           1.4673
2026-02-19 10:41:09 INFO sldo_vi_curves - VOFS          0.5196
2026-02-19 10:41:09 INFO sldo_vi_curves - VDDD_ROC0     1.1961
2026-02-19 10:41:09 INFO sldo_vi_curves - VDDA_ROC0     1.2349
2026-02-19 10:41:09 INFO sldo_vi_curves - VDDD_ROC1     1.1807
2026-02-19 10:41:09 INFO sldo_vi_curves - VDDA_ROC1     1.1278
2026-02-19 10:41:09 INFO sldo_vi_curves - VDDD_ROC2     1.1257
2026-02-19 10:41:09 INFO sldo_vi_curves - VDDA_ROC2     1.1251
2026-02-19 10:41:09 INFO sldo_vi_curves - VDDD_ROC3     1.1388
2026-02-19 10:41:09 INFO sldo_vi_curves - VDDA_ROC3     1.2041
2026-02-19 10:41:11 INFO sldo_vi_curves - == Setting Current to 5.8A
2026-02-19 10:41:11 INFO sldo_vi_curves - Values Module 0
2026-02-19 10:41:12 INFO sldo_vi_curves - VIN           1.4839
2026-02-19 10:41:12 INFO sldo_vi_curves - VOFS          0.5201
2026-02-19 10:41:12 INFO sldo_vi_curves - VDDD_ROC0     1.1981
2026-02-19 10:41:12 INFO sldo_vi_curves - VDDA_ROC0     1.2361
2026-02-19 10:41:12 INFO sldo_vi_curves - VDDD_ROC1     1.1797
2026-02-19 10:41:12 INFO sldo_vi_curves - VDDA_ROC1     1.1287
2026-02-19 10:41:12 INFO sldo_vi_curves - VDDD_ROC2     1.1278
2026-02-19 10:41:12 INFO sldo_vi_curves - VDDA_ROC2     1.1261
2026-02-19 10:41:12 INFO sldo_vi_curves - VDDD_ROC3     1.1408
2026-02-19 10:41:12 INFO sldo_vi_curves - VDDA_ROC3     1.2046
2026-02-19 10:41:14 INFO sldo_vi_curves - == Setting Current to 6.0A
2026-02-19 10:41:14 INFO sldo_vi_curves - Values Module 0
2026-02-19 10:41:15 INFO sldo_vi_curves - VIN           1.5009
2026-02-19 10:41:15 INFO sldo_vi_curves - VOFS          0.5183
2026-02-19 10:41:15 INFO sldo_vi_curves - VDDD_ROC0     1.1987
2026-02-19 10:41:15 INFO sldo_vi_curves - VDDA_ROC0     1.2370
2026-02-19 10:41:15 INFO sldo_vi_curves - VDDD_ROC1     1.1802
2026-02-19 10:41:15 INFO sldo_vi_curves - VDDA_ROC1     1.1276
2026-02-19 10:41:15 INFO sldo_vi_curves - VDDD_ROC2     1.1203
2026-02-19 10:41:15 INFO sldo_vi_curves - VDDA_ROC2     1.1203
2026-02-19 10:41:15 INFO sldo_vi_curves - VDDD_ROC3     1.1410
2026-02-19 10:41:15 INFO sldo_vi_curves - VDDA_ROC3     1.2055
2026-02-19 10:41:17 INFO sldo_vi_curves - Saving data...
2026-02-19 10:41:17 INFO modify_ph2_logging - /home/muon/dirigent-production/dirigent/deps/Ph2_ACF/settings/logger.conf restored.
